<?xml version="1.0" encoding="UTF-8"?>
<!-- Generated by org.testng.reporters.JUnitReportReporter -->
<testsuite hostname="DESKTOP-SPS7N41" failures="0" tests="2" name="MainMavenProject.MavenIntro.SeleniumTest" time="0.002" errors="0" timestamp="2020-12-24T11:43:59 JST" skipped="0">
  <testcase classname="MainMavenProject.MavenIntro.SeleniumTest" name="browserAutomation" time="0.001"/>
  <system-out/>
  <testcase classname="MainMavenProject.MavenIntro.SeleniumTest" name="elementUi" time="0.001"/>
  <system-out/>
</testsuite> <!-- MainMavenProject.MavenIntro.SeleniumTest -->
