<?xml version="1.0" encoding="UTF-8"?>
<!-- Generated by org.testng.reporters.JUnitReportReporter -->
<testsuite hostname="DESKTOP-SPS7N41" failures="0" tests="2" name="MainMavenProject.MavenIntro.RESTAPI" time="0.011" errors="0" timestamp="2020-12-24T11:02:34 JST" skipped="0">
  <testcase classname="MainMavenProject.MavenIntro.RESTAPI" name="deleteTwitter" time="0.010"/>
  <system-out/>
  <testcase classname="MainMavenProject.MavenIntro.RESTAPI" name="postJira" time="0.001"/>
  <system-out/>
</testsuite> <!-- MainMavenProject.MavenIntro.RESTAPI -->
