<?xml version="1.0" encoding="UTF-8"?>
<!-- Generated by org.testng.reporters.JUnitReportReporter -->
<testsuite hostname="DESKTOP-SPS7N41" failures="0" tests="2" name="MainMavenProject.MavenIntro.RestTest" time="0.008" errors="0" timestamp="2020-12-24T11:43:59 JST" skipped="0">
  <testcase classname="MainMavenProject.MavenIntro.RestTest" name="nativeAppAndroidRest" time="0.001"/>
  <system-out/>
  <testcase classname="MainMavenProject.MavenIntro.RestTest" name="RestIOSApps" time="0.007"/>
  <system-out/>
</testsuite> <!-- MainMavenProject.MavenIntro.RestTest -->
