<?xml version="1.0" encoding="UTF-8"?>
<!-- Generated by org.testng.reporters.JUnitReportReporter -->
<testsuite hostname="DESKTOP-SPS7N41" failures="0" tests="1" name="MainMavenProject.MavenIntro.SeleniumTest" time="7.268" errors="0" timestamp="2020-12-24T14:15:14 JST" skipped="0">
  <testcase classname="MainMavenProject.MavenIntro.SeleniumTest" name="passDataFRomChild" time="7.268"/>
  <system-out/>
</testsuite> <!-- MainMavenProject.MavenIntro.SeleniumTest -->
